<?xml version="1.0" encoding="UTF-8"?>
<!-- Generated by org.testng.reporters.JUnitReportReporter -->
<testsuite hostname="LT-02-2021-C-VG" failures="0" tests="1" name="com.seleniumframeworks.testcases.LoginTest" time="12.514" errors="0" timestamp="2022-07-07T20:00:53 EDT" skipped="0">
  <testcase classname="com.seleniumframeworks.testcases.LoginTest" name="loginApp" time="12.514"/>
  <system-out/>
</testsuite> <!-- com.seleniumframeworks.testcases.LoginTest -->
